#
# There is insufficient memory for the Java Runtime Environment to continue.
# Native memory allocation (mmap) failed to map 131596288 bytes for committing reserved memory.
# Possible reasons:
#   The system is out of physical RAM or swap space
#   In 32 bit mode, the process size limit was hit
# Possible solutions:
#   Reduce memory load on the system
#   Increase physical memory or swap space
#   Check if swap backing store is full
#   Use 64 bit Java on a 64 bit OS
#   Decrease Java heap size (-Xmx/-Xms)
#   Decrease number of Java threads
#   Decrease Java thread stack sizes (-Xss)
#   Set larger code cache with -XX:ReservedCodeCacheSize=
# This output file may be truncated or incomplete.
#
#  Out of Memory Error (os_linux.cpp:2627), pid=15235, tid=0x00007fa9b7e83700
#
# JRE version:  (8.0_92-b14) (build )
# Java VM: OpenJDK 64-Bit Server VM (25.92-b14 mixed mode linux-amd64 compressed oops)
# Core dump written. Default location: /home/libertas/Develop/StudioProjects/sawroeg-android/core or core.15235
#

---------------  T H R E A D  ---------------

Current thread (0x00007fa9b0008000):  JavaThread "Unknown thread" [_thread_in_vm, id=15241, stack(0x00007fa9b7d83000,0x00007fa9b7e84000)]

Stack: [0x00007fa9b7d83000,0x00007fa9b7e84000],  sp=0x00007fa9b7e82650,  free space=1021k
Native frames: (J=compiled Java code, j=interpreted, Vv=VM code, C=native code)
V  [libjvm.so+0xa596cb]
V  [libjvm.so+0x4c344c]
V  [libjvm.so+0x8aa3f0]
V  [libjvm.so+0x8a491e]
V  [libjvm.so+0x91e90b]
V  [libjvm.so+0x90f413]
V  [libjvm.so+0x2ae931]
V  [libjvm.so+0x8cf3e9]
V  [libjvm.so+0xa1d199]
V  [libjvm.so+0xa1d3e2]
V  [libjvm.so+0x60cc5f]
V  [libjvm.so+0xa02b2a]
V  [libjvm.so+0x681e1f]  JNI_CreateJavaVM+0x5f
C  [libjli.so+0x2d1f]
C  [libpthread.so.0+0x7484]  start_thread+0xc4


---------------  P R O C E S S  ---------------

Java Threads: ( => current thread )

Other Threads:

=>0x00007fa9b0008000 (exited) JavaThread "Unknown thread" [_thread_in_vm, id=15241, stack(0x00007fa9b7d83000,0x00007fa9b7e84000)]

VM state:not at safepoint (not fully initialized)

VM Mutex/Monitor currently owned by a thread: None

GC Heap History (0 events):
No events

Deoptimization events (0 events):
No events

Internal exceptions (0 events):
No events

Events (0 events):
No events


Dynamic libraries:
00400000-00401000 r-xp 00000000 00:13 337520                             /usr/lib/jvm/java-8-openjdk/jre/bin/java
00600000-00601000 rw-p 00000000 00:13 337520                             /usr/lib/jvm/java-8-openjdk/jre/bin/java
01c78000-01c99000 rw-p 00000000 00:00 0                                  [heap]
70c380000-781780000 ---p 00000000 00:00 0 
781780000-785600000 rw-p 00000000 00:00 0 
785600000-7c0000000 ---p 00000000 00:00 0 
7fa9a1000000-7fa9a1270000 rwxp 00000000 00:00 0 
7fa9a1270000-7fa9b0000000 ---p 00000000 00:00 0 
7fa9b0000000-7fa9b0031000 rw-p 00000000 00:00 0 
7fa9b0031000-7fa9b4000000 ---p 00000000 00:00 0 
7fa9b483c000-7fa9b4c24000 ---p 00000000 00:00 0 
7fa9b4c24000-7fa9b4c44000 rw-p 00000000 00:00 0 
7fa9b4c44000-7fa9b4e19000 ---p 00000000 00:00 0 
7fa9b4e19000-7fa9b4e24000 rw-p 00000000 00:00 0 
7fa9b4e24000-7fa9b51da000 ---p 00000000 00:00 0 
7fa9b51da000-7fa9b51e2000 r-xp 00000000 00:13 337488                     /usr/lib/jvm/java-8-openjdk/jre/lib/amd64/libzip.so
7fa9b51e2000-7fa9b53e1000 ---p 00008000 00:13 337488                     /usr/lib/jvm/java-8-openjdk/jre/lib/amd64/libzip.so
7fa9b53e1000-7fa9b53e2000 rw-p 00007000 00:13 337488                     /usr/lib/jvm/java-8-openjdk/jre/lib/amd64/libzip.so
7fa9b53e2000-7fa9b53ed000 r-xp 00000000 00:13 560742                     /usr/lib/libnss_files-2.23.so
7fa9b53ed000-7fa9b55ec000 ---p 0000b000 00:13 560742                     /usr/lib/libnss_files-2.23.so
7fa9b55ec000-7fa9b55ed000 r--p 0000a000 00:13 560742                     /usr/lib/libnss_files-2.23.so
7fa9b55ed000-7fa9b55ee000 rw-p 0000b000 00:13 560742                     /usr/lib/libnss_files-2.23.so
7fa9b55ee000-7fa9b55f4000 rw-p 00000000 00:00 0 
7fa9b55f4000-7fa9b5620000 r-xp 00000000 00:13 337487                     /usr/lib/jvm/java-8-openjdk/jre/lib/amd64/libjava.so
7fa9b5620000-7fa9b5820000 ---p 0002c000 00:13 337487                     /usr/lib/jvm/java-8-openjdk/jre/lib/amd64/libjava.so
7fa9b5820000-7fa9b5822000 rw-p 0002c000 00:13 337487                     /usr/lib/jvm/java-8-openjdk/jre/lib/amd64/libjava.so
7fa9b5822000-7fa9b582f000 r-xp 00000000 00:13 337480                     /usr/lib/jvm/java-8-openjdk/jre/lib/amd64/libverify.so
7fa9b582f000-7fa9b5a2e000 ---p 0000d000 00:13 337480                     /usr/lib/jvm/java-8-openjdk/jre/lib/amd64/libverify.so
7fa9b5a2e000-7fa9b5a30000 rw-p 0000c000 00:13 337480                     /usr/lib/jvm/java-8-openjdk/jre/lib/amd64/libverify.so
7fa9b5a30000-7fa9b5a37000 r-xp 00000000 00:13 560750                     /usr/lib/librt-2.23.so
7fa9b5a37000-7fa9b5c36000 ---p 00007000 00:13 560750                     /usr/lib/librt-2.23.so
7fa9b5c36000-7fa9b5c37000 r--p 00006000 00:13 560750                     /usr/lib/librt-2.23.so
7fa9b5c37000-7fa9b5c38000 rw-p 00007000 00:13 560750                     /usr/lib/librt-2.23.so
7fa9b5c38000-7fa9b5d3b000 r-xp 00000000 00:13 560747                     /usr/lib/libm-2.23.so
7fa9b5d3b000-7fa9b5f3a000 ---p 00103000 00:13 560747                     /usr/lib/libm-2.23.so
7fa9b5f3a000-7fa9b5f3b000 r--p 00102000 00:13 560747                     /usr/lib/libm-2.23.so
7fa9b5f3b000-7fa9b5f3c000 rw-p 00103000 00:13 560747                     /usr/lib/libm-2.23.so
7fa9b5f3c000-7fa9b6b91000 r-xp 00000000 00:13 337511                     /usr/lib/jvm/java-8-openjdk/jre/lib/amd64/server/libjvm.so
7fa9b6b91000-7fa9b6d91000 ---p 00c55000 00:13 337511                     /usr/lib/jvm/java-8-openjdk/jre/lib/amd64/server/libjvm.so
7fa9b6d91000-7fa9b6e4d000 rw-p 00c55000 00:13 337511                     /usr/lib/jvm/java-8-openjdk/jre/lib/amd64/server/libjvm.so
7fa9b6e4d000-7fa9b6e7d000 rw-p 00000000 00:00 0 
7fa9b6e7d000-7fa9b7014000 r-xp 00000000 00:13 560693                     /usr/lib/libc-2.23.so
7fa9b7014000-7fa9b7214000 ---p 00197000 00:13 560693                     /usr/lib/libc-2.23.so
7fa9b7214000-7fa9b7218000 r--p 00197000 00:13 560693                     /usr/lib/libc-2.23.so
7fa9b7218000-7fa9b721a000 rw-p 0019b000 00:13 560693                     /usr/lib/libc-2.23.so
7fa9b721a000-7fa9b721e000 rw-p 00000000 00:00 0 
7fa9b721e000-7fa9b7220000 r-xp 00000000 00:13 560746                     /usr/lib/libdl-2.23.so
7fa9b7220000-7fa9b7420000 ---p 00002000 00:13 560746                     /usr/lib/libdl-2.23.so
7fa9b7420000-7fa9b7421000 r--p 00002000 00:13 560746                     /usr/lib/libdl-2.23.so
7fa9b7421000-7fa9b7422000 rw-p 00003000 00:13 560746                     /usr/lib/libdl-2.23.so
7fa9b7422000-7fa9b742f000 r-xp 00000000 00:13 337508                     /usr/lib/jvm/java-8-openjdk/jre/lib/amd64/jli/libjli.so
7fa9b742f000-7fa9b762e000 ---p 0000d000 00:13 337508                     /usr/lib/jvm/java-8-openjdk/jre/lib/amd64/jli/libjli.so
7fa9b762e000-7fa9b762f000 rw-p 0000c000 00:13 337508                     /usr/lib/jvm/java-8-openjdk/jre/lib/amd64/jli/libjli.so
7fa9b762f000-7fa9b7644000 r-xp 00000000 00:13 12237                      /usr/lib/libz.so.1.2.8
7fa9b7644000-7fa9b7843000 ---p 00015000 00:13 12237                      /usr/lib/libz.so.1.2.8
7fa9b7843000-7fa9b7844000 r--p 00014000 00:13 12237                      /usr/lib/libz.so.1.2.8
7fa9b7844000-7fa9b7845000 rw-p 00015000 00:13 12237                      /usr/lib/libz.so.1.2.8
7fa9b7845000-7fa9b785d000 r-xp 00000000 00:13 560674                     /usr/lib/libpthread-2.23.so
7fa9b785d000-7fa9b7a5c000 ---p 00018000 00:13 560674                     /usr/lib/libpthread-2.23.so
7fa9b7a5c000-7fa9b7a5d000 r--p 00017000 00:13 560674                     /usr/lib/libpthread-2.23.so
7fa9b7a5d000-7fa9b7a5e000 rw-p 00018000 00:13 560674                     /usr/lib/libpthread-2.23.so
7fa9b7a5e000-7fa9b7a62000 rw-p 00000000 00:00 0 
7fa9b7a62000-7fa9b7a6b000 r-xp 00000000 00:13 337260                     /usr/lib/libproxychains4.so
7fa9b7a6b000-7fa9b7c6a000 ---p 00009000 00:13 337260                     /usr/lib/libproxychains4.so
7fa9b7c6a000-7fa9b7c6b000 r--p 00008000 00:13 337260                     /usr/lib/libproxychains4.so
7fa9b7c6b000-7fa9b7c6c000 rw-p 00009000 00:13 337260                     /usr/lib/libproxychains4.so
7fa9b7c6c000-7fa9b7cb2000 rw-p 00000000 00:00 0 
7fa9b7cb2000-7fa9b7cd5000 r-xp 00000000 00:13 560692                     /usr/lib/ld-2.23.so
7fa9b7d83000-7fa9b7d86000 ---p 00000000 00:00 0 
7fa9b7d86000-7fa9b7e88000 rw-p 00000000 00:00 0 
7fa9b7ec6000-7fa9b7ece000 rw-s 00000000 00:28 453694                     /tmp/hsperfdata_libertas/15235
7fa9b7ece000-7fa9b7ecf000 rw-p 00000000 00:00 0 
7fa9b7ecf000-7fa9b7ed0000 r--p 00000000 00:00 0 
7fa9b7ed0000-7fa9b7ed1000 ---p 00000000 00:00 0 
7fa9b7ed1000-7fa9b7ed5000 rw-p 00000000 00:00 0 
7fa9b7ed5000-7fa9b7ed6000 r--p 00023000 00:13 560692                     /usr/lib/ld-2.23.so
7fa9b7ed6000-7fa9b7ed7000 rw-p 00024000 00:13 560692                     /usr/lib/ld-2.23.so
7fa9b7ed7000-7fa9b7ed8000 rw-p 00000000 00:00 0 
7ffc37e2c000-7ffc37e4d000 rw-p 00000000 00:00 0                          [stack]
7ffc37ee4000-7ffc37ee7000 r--p 00000000 00:00 0                          [vvar]
7ffc37ee7000-7ffc37ee9000 r-xp 00000000 00:00 0                          [vdso]
ffffffffff600000-ffffffffff601000 r-xp 00000000 00:00 0                  [vsyscall]

VM Arguments:
java_command: <unknown>
java_class_path (initial): .
Launcher Type: SUN_STANDARD

Environment Variables:
PATH=/usr/local/sbin:/usr/local/bin:/usr/bin:/opt/android-ndk:/opt/android-sdk/platform-tools:/opt/android-sdk/tools:/opt/cuda/bin:/usr/lib/jvm/default/bin:/usr/bin/site_perl:/usr/bin/vendor_perl:/usr/bin/core_perl
LD_LIBRARY_PATH=/opt/android-studio/bin:
LD_PRELOAD=/usr/lib/libproxychains4.so
SHELL=/bin/zsh
DISPLAY=:0

Signal Handlers:
SIGSEGV: [libjvm.so+0xa5a220], sa_mask[0]=11111111011111111101111111111110, sa_flags=SA_RESTART|SA_SIGINFO
SIGBUS: [libjvm.so+0xa5a220], sa_mask[0]=11111111011111111101111111111110, sa_flags=SA_RESTART|SA_SIGINFO
SIGFPE: [libjvm.so+0x8a5a90], sa_mask[0]=11111111011111111101111111111110, sa_flags=SA_RESTART|SA_SIGINFO
SIGPIPE: [libjvm.so+0x8a5a90], sa_mask[0]=11111111011111111101111111111110, sa_flags=SA_RESTART|SA_SIGINFO
SIGXFSZ: [libjvm.so+0x8a5a90], sa_mask[0]=11111111011111111101111111111110, sa_flags=SA_RESTART|SA_SIGINFO
SIGILL: [libjvm.so+0x8a5a90], sa_mask[0]=11111111011111111101111111111110, sa_flags=SA_RESTART|SA_SIGINFO
SIGUSR1: SIG_DFL, sa_mask[0]=00000000000000000000000000000000, sa_flags=none
SIGUSR2: [libjvm.so+0x8a5940], sa_mask[0]=00100000000000000000000000000000, sa_flags=SA_RESTART|SA_SIGINFO
SIGHUP: SIG_DFL, sa_mask[0]=00000000000000000000000000000000, sa_flags=none
SIGINT: SIG_DFL, sa_mask[0]=00000000000000000000000000000000, sa_flags=none
SIGTERM: SIG_DFL, sa_mask[0]=00000000000000000000000000000000, sa_flags=none
SIGQUIT: SIG_DFL, sa_mask[0]=00000000000000000000000000000000, sa_flags=none


---------------  S Y S T E M  ---------------

OS:NAME="Arch Linux"
ID=arch
PRETTY_NAME="Arch Linux"
ANSI_COLOR="0;36"
HOME_URL="https://www.archlinux.org/"
SUPPORT_URL="https://bbs.archlinux.org/"
BUG_REPORT_URL="https://bugs.archlinux.org/"


uname:Linux 4.6.3-1-ARCH #1 SMP PREEMPT Fri Jun 24 21:19:13 CEST 2016 x86_64
libc:glibc 2.23 NPTL 2.23 
rlimit: STACK 8192k, CORE infinity, NPROC 47300, NOFILE 4096, AS infinity
load average:1.86 1.92 1.71

/proc/meminfo:
MemTotal:       12295572 kB
MemFree:          138480 kB
MemAvailable:      36636 kB
Buffers:              20 kB
Cached:            90300 kB
SwapCached:            0 kB
Active:         11640164 kB
Inactive:          58968 kB
Active(anon):   11614316 kB
Inactive(anon):    29792 kB
Active(file):      25848 kB
Inactive(file):    29176 kB
Unevictable:          32 kB
Mlocked:              32 kB
SwapTotal:             0 kB
SwapFree:              0 kB
Dirty:              1964 kB
Writeback:             0 kB
AnonPages:      11609468 kB
Mapped:           135116 kB
Shmem:             34672 kB
Slab:             118340 kB
SReclaimable:      47736 kB
SUnreclaim:        70604 kB
KernelStack:       50848 kB
PageTables:       103596 kB
NFS_Unstable:          0 kB
Bounce:                0 kB
WritebackTmp:          0 kB
CommitLimit:     6147784 kB
Committed_AS:   44444876 kB
VmallocTotal:   34359738367 kB
VmallocUsed:           0 kB
VmallocChunk:          0 kB
HardwareCorrupted:     0 kB
AnonHugePages:   5070848 kB
HugePages_Total:       0
HugePages_Free:        0
HugePages_Rsvd:        0
HugePages_Surp:        0
Hugepagesize:       2048 kB
DirectMap4k:      752464 kB
DirectMap2M:    10768384 kB
DirectMap1G:     3145728 kB


CPU:total 4 (4 cores per cpu, 1 threads per core) family 18 model 1 stepping 0, cmov, cx8, fxsr, mmx, sse, sse2, sse3, popcnt, mmxext, 3dnowpref, lzcnt, sse4a, tsc, tscinvbit, tscinv

/proc/cpuinfo:
processor	: 0
vendor_id	: AuthenticAMD
cpu family	: 18
model		: 1
model name	: AMD A6-3670 APU with Radeon(tm) HD Graphics
stepping	: 0
microcode	: 0x3000027
cpu MHz		: 1100.000
cache size	: 1024 KB
physical id	: 0
siblings	: 4
core id		: 0
cpu cores	: 4
apicid		: 0
initial apicid	: 0
fpu		: yes
fpu_exception	: yes
cpuid level	: 6
wp		: yes
flags		: fpu vme de pse tsc msr pae mce cx8 apic sep mtrr pge mca cmov pat pse36 clflush mmx fxsr sse sse2 ht syscall nx mmxext fxsr_opt pdpe1gb rdtscp lm 3dnowext 3dnow constant_tsc rep_good nopl nonstop_tsc extd_apicid aperfmperf eagerfpu pni monitor cx16 popcnt lahf_lm cmp_legacy svm extapic cr8_legacy abm sse4a misalignsse 3dnowprefetch osvw ibs skinit wdt hw_pstate vmmcall arat npt lbrv svm_lock nrip_save pausefilter
bugs		: fxsave_leak sysret_ss_attrs
bogomips	: 5392.74
TLB size	: 1536 4K pages
clflush size	: 64
cache_alignment	: 64
address sizes	: 40 bits physical, 48 bits virtual
power management: ts ttp tm stc 100mhzsteps hwpstate

processor	: 1
vendor_id	: AuthenticAMD
cpu family	: 18
model		: 1
model name	: AMD A6-3670 APU with Radeon(tm) HD Graphics
stepping	: 0
microcode	: 0x3000027
cpu MHz		: 1600.000
cache size	: 1024 KB
physical id	: 0
siblings	: 4
core id		: 1
cpu cores	: 4
apicid		: 1
initial apicid	: 1
fpu		: yes
fpu_exception	: yes
cpuid level	: 6
wp		: yes
flags		: fpu vme de pse tsc msr pae mce cx8 apic sep mtrr pge mca cmov pat pse36 clflush mmx fxsr sse sse2 ht syscall nx mmxext fxsr_opt pdpe1gb rdtscp lm 3dnowext 3dnow constant_tsc rep_good nopl nonstop_tsc extd_apicid aperfmperf eagerfpu pni monitor cx16 popcnt lahf_lm cmp_legacy svm extapic cr8_legacy abm sse4a misalignsse 3dnowprefetch osvw ibs skinit wdt hw_pstate vmmcall arat npt lbrv svm_lock nrip_save pausefilter
bugs		: fxsave_leak sysret_ss_attrs
bogomips	: 5392.67
TLB size	: 1536 4K pages
clflush size	: 64
cache_alignment	: 64
address sizes	: 40 bits physical, 48 bits virtual
power management: ts ttp tm stc 100mhzsteps hwpstate

processor	: 2
vendor_id	: AuthenticAMD
cpu family	: 18
model		: 1
model name	: AMD A6-3670 APU with Radeon(tm) HD Graphics
stepping	: 0
microcode	: 0x3000027
cpu MHz		: 1600.000
cache size	: 1024 KB
physical id	: 0
siblings	: 4
core id		: 2
cpu cores	: 4
apicid		: 2
initial apicid	: 2
fpu		: yes
fpu_exception	: yes
cpuid level	: 6
wp		: yes
flags		: fpu vme de pse tsc msr pae mce cx8 apic sep mtrr pge mca cmov pat pse36 clflush mmx fxsr sse sse2 ht syscall nx mmxext fxsr_opt pdpe1gb rdtscp lm 3dnowext 3dnow constant_tsc rep_good nopl nonstop_tsc extd_apicid aperfmperf eagerfpu pni monitor cx16 popcnt lahf_lm cmp_legacy svm extapic cr8_legacy abm sse4a misalignsse 3dnowprefetch osvw ibs skinit wdt hw_pstate vmmcall arat npt lbrv svm_lock nrip_save pausefilter
bugs		: fxsave_leak sysret_ss_attrs
bogomips	: 5392.79
TLB size	: 1536 4K pages
clflush size	: 64
cache_alignment	: 64
address sizes	: 40 bits physical, 48 bits virtual
power management: ts ttp tm stc 100mhzsteps hwpstate

processor	: 3
vendor_id	: AuthenticAMD
cpu family	: 18
model		: 1
model name	: AMD A6-3670 APU with Radeon(tm) HD Graphics
stepping	: 0
microcode	: 0x3000027
cpu MHz		: 1100.000
cache size	: 1024 KB
physical id	: 0
siblings	: 4
core id		: 3
cpu cores	: 4
apicid		: 3
initial apicid	: 3
fpu		: yes
fpu_exception	: yes
cpuid level	: 6
wp		: yes
flags		: fpu vme de pse tsc msr pae mce cx8 apic sep mtrr pge mca cmov pat pse36 clflush mmx fxsr sse sse2 ht syscall nx mmxext fxsr_opt pdpe1gb rdtscp lm 3dnowext 3dnow constant_tsc rep_good nopl nonstop_tsc extd_apicid aperfmperf eagerfpu pni monitor cx16 popcnt lahf_lm cmp_legacy svm extapic cr8_legacy abm sse4a misalignsse 3dnowprefetch osvw ibs skinit wdt hw_pstate vmmcall arat npt lbrv svm_lock nrip_save pausefilter
bugs		: fxsave_leak sysret_ss_attrs
bogomips	: 5392.73
TLB size	: 1536 4K pages
clflush size	: 64
cache_alignment	: 64
address sizes	: 40 bits physical, 48 bits virtual
power management: ts ttp tm stc 100mhzsteps hwpstate



Memory: 4k page, physical 12295572k(140736k free), swap 0k(0k free)

vm_info: OpenJDK 64-Bit Server VM (25.92-b14) for linux-amd64 JRE (1.8.0_92-b14), built on Apr 24 2016 15:02:36 by "builduser" with gcc 5.3.0

time: Tue Jul  5 17:56:33 2016
elapsed time: 0 seconds (0d 0h 0m 0s)

