#
# There is insufficient memory for the Java Runtime Environment to continue.
# Native memory allocation (mmap) failed to map 131596288 bytes for committing reserved memory.
# Possible reasons:
#   The system is out of physical RAM or swap space
#   In 32 bit mode, the process size limit was hit
# Possible solutions:
#   Reduce memory load on the system
#   Increase physical memory or swap space
#   Check if swap backing store is full
#   Use 64 bit Java on a 64 bit OS
#   Decrease Java heap size (-Xmx/-Xms)
#   Decrease number of Java threads
#   Decrease Java thread stack sizes (-Xss)
#   Set larger code cache with -XX:ReservedCodeCacheSize=
# This output file may be truncated or incomplete.
#
#  Out of Memory Error (os_linux.cpp:2627), pid=15248, tid=0x00007f2a4e15f700
#
# JRE version:  (8.0_92-b14) (build )
# Java VM: OpenJDK 64-Bit Server VM (25.92-b14 mixed mode linux-amd64 compressed oops)
# Core dump written. Default location: /home/libertas/Develop/StudioProjects/sawroeg-android/core or core.15248
#

---------------  T H R E A D  ---------------

Current thread (0x00007f2a44008000):  JavaThread "Unknown thread" [_thread_in_vm, id=15261, stack(0x00007f2a4e05f000,0x00007f2a4e160000)]

Stack: [0x00007f2a4e05f000,0x00007f2a4e160000],  sp=0x00007f2a4e15e650,  free space=1021k
Native frames: (J=compiled Java code, j=interpreted, Vv=VM code, C=native code)
V  [libjvm.so+0xa596cb]
V  [libjvm.so+0x4c344c]
V  [libjvm.so+0x8aa3f0]
V  [libjvm.so+0x8a491e]
V  [libjvm.so+0x91e90b]
V  [libjvm.so+0x90f413]
V  [libjvm.so+0x2ae931]
V  [libjvm.so+0x8cf3e9]
V  [libjvm.so+0xa1d199]
V  [libjvm.so+0xa1d3e2]
V  [libjvm.so+0x60cc5f]
V  [libjvm.so+0xa02b2a]
V  [libjvm.so+0x681e1f]  JNI_CreateJavaVM+0x5f
C  [libjli.so+0x2d1f]
C  [libpthread.so.0+0x7484]  start_thread+0xc4


---------------  P R O C E S S  ---------------

Java Threads: ( => current thread )

Other Threads:

=>0x00007f2a44008000 (exited) JavaThread "Unknown thread" [_thread_in_vm, id=15261, stack(0x00007f2a4e05f000,0x00007f2a4e160000)]

VM state:not at safepoint (not fully initialized)

VM Mutex/Monitor currently owned by a thread: None

GC Heap History (0 events):
No events

Deoptimization events (0 events):
No events

Internal exceptions (0 events):
No events

Events (0 events):
No events


Dynamic libraries:
00400000-00401000 r-xp 00000000 00:13 337520                             /usr/lib/jvm/java-8-openjdk/jre/bin/java
00600000-00601000 rw-p 00000000 00:13 337520                             /usr/lib/jvm/java-8-openjdk/jre/bin/java
00caa000-00ccb000 rw-p 00000000 00:00 0                                  [heap]
70c380000-781780000 ---p 00000000 00:00 0 
781780000-785600000 rw-p 00000000 00:00 0 
785600000-7c0000000 ---p 00000000 00:00 0 
7f2a35000000-7f2a35270000 rwxp 00000000 00:00 0 
7f2a35270000-7f2a44000000 ---p 00000000 00:00 0 
7f2a44000000-7f2a44031000 rw-p 00000000 00:00 0 
7f2a44031000-7f2a48000000 ---p 00000000 00:00 0 
7f2a4ab18000-7f2a4af00000 ---p 00000000 00:00 0 
7f2a4af00000-7f2a4af20000 rw-p 00000000 00:00 0 
7f2a4af20000-7f2a4b0f5000 ---p 00000000 00:00 0 
7f2a4b0f5000-7f2a4b100000 rw-p 00000000 00:00 0 
7f2a4b100000-7f2a4b4b6000 ---p 00000000 00:00 0 
7f2a4b4b6000-7f2a4b4be000 r-xp 00000000 00:13 337488                     /usr/lib/jvm/java-8-openjdk/jre/lib/amd64/libzip.so
7f2a4b4be000-7f2a4b6bd000 ---p 00008000 00:13 337488                     /usr/lib/jvm/java-8-openjdk/jre/lib/amd64/libzip.so
7f2a4b6bd000-7f2a4b6be000 rw-p 00007000 00:13 337488                     /usr/lib/jvm/java-8-openjdk/jre/lib/amd64/libzip.so
7f2a4b6be000-7f2a4b6c9000 r-xp 00000000 00:13 560742                     /usr/lib/libnss_files-2.23.so
7f2a4b6c9000-7f2a4b8c8000 ---p 0000b000 00:13 560742                     /usr/lib/libnss_files-2.23.so
7f2a4b8c8000-7f2a4b8c9000 r--p 0000a000 00:13 560742                     /usr/lib/libnss_files-2.23.so
7f2a4b8c9000-7f2a4b8ca000 rw-p 0000b000 00:13 560742                     /usr/lib/libnss_files-2.23.so
7f2a4b8ca000-7f2a4b8d0000 rw-p 00000000 00:00 0 
7f2a4b8d0000-7f2a4b8fc000 r-xp 00000000 00:13 337487                     /usr/lib/jvm/java-8-openjdk/jre/lib/amd64/libjava.so
7f2a4b8fc000-7f2a4bafc000 ---p 0002c000 00:13 337487                     /usr/lib/jvm/java-8-openjdk/jre/lib/amd64/libjava.so
7f2a4bafc000-7f2a4bafe000 rw-p 0002c000 00:13 337487                     /usr/lib/jvm/java-8-openjdk/jre/lib/amd64/libjava.so
7f2a4bafe000-7f2a4bb0b000 r-xp 00000000 00:13 337480                     /usr/lib/jvm/java-8-openjdk/jre/lib/amd64/libverify.so
7f2a4bb0b000-7f2a4bd0a000 ---p 0000d000 00:13 337480                     /usr/lib/jvm/java-8-openjdk/jre/lib/amd64/libverify.so
7f2a4bd0a000-7f2a4bd0c000 rw-p 0000c000 00:13 337480                     /usr/lib/jvm/java-8-openjdk/jre/lib/amd64/libverify.so
7f2a4bd0c000-7f2a4bd13000 r-xp 00000000 00:13 560750                     /usr/lib/librt-2.23.so
7f2a4bd13000-7f2a4bf12000 ---p 00007000 00:13 560750                     /usr/lib/librt-2.23.so
7f2a4bf12000-7f2a4bf13000 r--p 00006000 00:13 560750                     /usr/lib/librt-2.23.so
7f2a4bf13000-7f2a4bf14000 rw-p 00007000 00:13 560750                     /usr/lib/librt-2.23.so
7f2a4bf14000-7f2a4c017000 r-xp 00000000 00:13 560747                     /usr/lib/libm-2.23.so
7f2a4c017000-7f2a4c216000 ---p 00103000 00:13 560747                     /usr/lib/libm-2.23.so
7f2a4c216000-7f2a4c217000 r--p 00102000 00:13 560747                     /usr/lib/libm-2.23.so
7f2a4c217000-7f2a4c218000 rw-p 00103000 00:13 560747                     /usr/lib/libm-2.23.so
7f2a4c218000-7f2a4ce6d000 r-xp 00000000 00:13 337511                     /usr/lib/jvm/java-8-openjdk/jre/lib/amd64/server/libjvm.so
7f2a4ce6d000-7f2a4d06d000 ---p 00c55000 00:13 337511                     /usr/lib/jvm/java-8-openjdk/jre/lib/amd64/server/libjvm.so
7f2a4d06d000-7f2a4d129000 rw-p 00c55000 00:13 337511                     /usr/lib/jvm/java-8-openjdk/jre/lib/amd64/server/libjvm.so
7f2a4d129000-7f2a4d159000 rw-p 00000000 00:00 0 
7f2a4d159000-7f2a4d2f0000 r-xp 00000000 00:13 560693                     /usr/lib/libc-2.23.so
7f2a4d2f0000-7f2a4d4f0000 ---p 00197000 00:13 560693                     /usr/lib/libc-2.23.so
7f2a4d4f0000-7f2a4d4f4000 r--p 00197000 00:13 560693                     /usr/lib/libc-2.23.so
7f2a4d4f4000-7f2a4d4f6000 rw-p 0019b000 00:13 560693                     /usr/lib/libc-2.23.so
7f2a4d4f6000-7f2a4d4fa000 rw-p 00000000 00:00 0 
7f2a4d4fa000-7f2a4d4fc000 r-xp 00000000 00:13 560746                     /usr/lib/libdl-2.23.so
7f2a4d4fc000-7f2a4d6fc000 ---p 00002000 00:13 560746                     /usr/lib/libdl-2.23.so
7f2a4d6fc000-7f2a4d6fd000 r--p 00002000 00:13 560746                     /usr/lib/libdl-2.23.so
7f2a4d6fd000-7f2a4d6fe000 rw-p 00003000 00:13 560746                     /usr/lib/libdl-2.23.so
7f2a4d6fe000-7f2a4d70b000 r-xp 00000000 00:13 337508                     /usr/lib/jvm/java-8-openjdk/jre/lib/amd64/jli/libjli.so
7f2a4d70b000-7f2a4d90a000 ---p 0000d000 00:13 337508                     /usr/lib/jvm/java-8-openjdk/jre/lib/amd64/jli/libjli.so
7f2a4d90a000-7f2a4d90b000 rw-p 0000c000 00:13 337508                     /usr/lib/jvm/java-8-openjdk/jre/lib/amd64/jli/libjli.so
7f2a4d90b000-7f2a4d920000 r-xp 00000000 00:13 12237                      /usr/lib/libz.so.1.2.8
7f2a4d920000-7f2a4db1f000 ---p 00015000 00:13 12237                      /usr/lib/libz.so.1.2.8
7f2a4db1f000-7f2a4db20000 r--p 00014000 00:13 12237                      /usr/lib/libz.so.1.2.8
7f2a4db20000-7f2a4db21000 rw-p 00015000 00:13 12237                      /usr/lib/libz.so.1.2.8
7f2a4db21000-7f2a4db39000 r-xp 00000000 00:13 560674                     /usr/lib/libpthread-2.23.so
7f2a4db39000-7f2a4dd38000 ---p 00018000 00:13 560674                     /usr/lib/libpthread-2.23.so
7f2a4dd38000-7f2a4dd39000 r--p 00017000 00:13 560674                     /usr/lib/libpthread-2.23.so
7f2a4dd39000-7f2a4dd3a000 rw-p 00018000 00:13 560674                     /usr/lib/libpthread-2.23.so
7f2a4dd3a000-7f2a4dd3e000 rw-p 00000000 00:00 0 
7f2a4dd3e000-7f2a4dd47000 r-xp 00000000 00:13 337260                     /usr/lib/libproxychains4.so
7f2a4dd47000-7f2a4df46000 ---p 00009000 00:13 337260                     /usr/lib/libproxychains4.so
7f2a4df46000-7f2a4df47000 r--p 00008000 00:13 337260                     /usr/lib/libproxychains4.so
7f2a4df47000-7f2a4df48000 rw-p 00009000 00:13 337260                     /usr/lib/libproxychains4.so
7f2a4df48000-7f2a4df8e000 rw-p 00000000 00:00 0 
7f2a4df8e000-7f2a4dfb1000 r-xp 00000000 00:13 560692                     /usr/lib/ld-2.23.so
7f2a4e05f000-7f2a4e062000 ---p 00000000 00:00 0 
7f2a4e062000-7f2a4e164000 rw-p 00000000 00:00 0 
7f2a4e1a2000-7f2a4e1aa000 rw-s 00000000 00:28 453393                     /tmp/hsperfdata_libertas/15248
7f2a4e1aa000-7f2a4e1ab000 rw-p 00000000 00:00 0 
7f2a4e1ab000-7f2a4e1ac000 r--p 00000000 00:00 0 
7f2a4e1ac000-7f2a4e1ad000 ---p 00000000 00:00 0 
7f2a4e1ad000-7f2a4e1b1000 rw-p 00000000 00:00 0 
7f2a4e1b1000-7f2a4e1b2000 r--p 00023000 00:13 560692                     /usr/lib/ld-2.23.so
7f2a4e1b2000-7f2a4e1b3000 rw-p 00024000 00:13 560692                     /usr/lib/ld-2.23.so
7f2a4e1b3000-7f2a4e1b4000 rw-p 00000000 00:00 0 
7ffd27d86000-7ffd27da7000 rw-p 00000000 00:00 0                          [stack]
7ffd27daa000-7ffd27dad000 r--p 00000000 00:00 0                          [vvar]
7ffd27dad000-7ffd27daf000 r-xp 00000000 00:00 0                          [vdso]
ffffffffff600000-ffffffffff601000 r-xp 00000000 00:00 0                  [vsyscall]

VM Arguments:
java_command: <unknown>
java_class_path (initial): .
Launcher Type: SUN_STANDARD

Environment Variables:
PATH=/usr/local/sbin:/usr/local/bin:/usr/bin:/opt/android-ndk:/opt/android-sdk/platform-tools:/opt/android-sdk/tools:/opt/cuda/bin:/usr/lib/jvm/default/bin:/usr/bin/site_perl:/usr/bin/vendor_perl:/usr/bin/core_perl
LD_LIBRARY_PATH=/opt/android-studio/bin:
LD_PRELOAD=/usr/lib/libproxychains4.so
SHELL=/bin/zsh
DISPLAY=:0

Signal Handlers:
SIGSEGV: [libjvm.so+0xa5a220], sa_mask[0]=11111111011111111101111111111110, sa_flags=SA_RESTART|SA_SIGINFO
SIGBUS: [libjvm.so+0xa5a220], sa_mask[0]=11111111011111111101111111111110, sa_flags=SA_RESTART|SA_SIGINFO
SIGFPE: [libjvm.so+0x8a5a90], sa_mask[0]=11111111011111111101111111111110, sa_flags=SA_RESTART|SA_SIGINFO
SIGPIPE: [libjvm.so+0x8a5a90], sa_mask[0]=11111111011111111101111111111110, sa_flags=SA_RESTART|SA_SIGINFO
SIGXFSZ: [libjvm.so+0x8a5a90], sa_mask[0]=11111111011111111101111111111110, sa_flags=SA_RESTART|SA_SIGINFO
SIGILL: [libjvm.so+0x8a5a90], sa_mask[0]=11111111011111111101111111111110, sa_flags=SA_RESTART|SA_SIGINFO
SIGUSR1: SIG_DFL, sa_mask[0]=00000000000000000000000000000000, sa_flags=none
SIGUSR2: [libjvm.so+0x8a5940], sa_mask[0]=00100000000000000000000000000000, sa_flags=SA_RESTART|SA_SIGINFO
SIGHUP: SIG_DFL, sa_mask[0]=00000000000000000000000000000000, sa_flags=none
SIGINT: SIG_DFL, sa_mask[0]=00000000000000000000000000000000, sa_flags=none
SIGTERM: SIG_DFL, sa_mask[0]=00000000000000000000000000000000, sa_flags=none
SIGQUIT: SIG_DFL, sa_mask[0]=00000000000000000000000000000000, sa_flags=none


---------------  S Y S T E M  ---------------

OS:NAME="Arch Linux"
ID=arch
PRETTY_NAME="Arch Linux"
ANSI_COLOR="0;36"
HOME_URL="https://www.archlinux.org/"
SUPPORT_URL="https://bbs.archlinux.org/"
BUG_REPORT_URL="https://bugs.archlinux.org/"


uname:Linux 4.6.3-1-ARCH #1 SMP PREEMPT Fri Jun 24 21:19:13 CEST 2016 x86_64
libc:glibc 2.23 NPTL 2.23 
rlimit: STACK 8192k, CORE infinity, NPROC 47300, NOFILE 4096, AS infinity
load average:9.55 3.71 2.31

/proc/meminfo:
MemTotal:       12295572 kB
MemFree:          135564 kB
MemAvailable:      49216 kB
Buffers:              20 kB
Cached:           124336 kB
SwapCached:            0 kB
Active:         11627868 kB
Inactive:          75424 kB
Active(anon):   11584708 kB
Inactive(anon):    29828 kB
Active(file):      43160 kB
Inactive(file):    45596 kB
Unevictable:          32 kB
Mlocked:              32 kB
SwapTotal:             0 kB
SwapFree:              0 kB
Dirty:              2616 kB
Writeback:             0 kB
AnonPages:      11579860 kB
Mapped:           127404 kB
Shmem:             34708 kB
Slab:             116168 kB
SReclaimable:      44988 kB
SUnreclaim:        71180 kB
KernelStack:       50848 kB
PageTables:       102768 kB
NFS_Unstable:          0 kB
Bounce:                0 kB
WritebackTmp:          0 kB
CommitLimit:     6147784 kB
Committed_AS:   44265600 kB
VmallocTotal:   34359738367 kB
VmallocUsed:           0 kB
VmallocChunk:          0 kB
HardwareCorrupted:     0 kB
AnonHugePages:   5070848 kB
HugePages_Total:       0
HugePages_Free:        0
HugePages_Rsvd:        0
HugePages_Surp:        0
Hugepagesize:       2048 kB
DirectMap4k:      752464 kB
DirectMap2M:    10768384 kB
DirectMap1G:     3145728 kB


CPU:total 4 (4 cores per cpu, 1 threads per core) family 18 model 1 stepping 0, cmov, cx8, fxsr, mmx, sse, sse2, sse3, popcnt, mmxext, 3dnowpref, lzcnt, sse4a, tsc, tscinvbit, tscinv

/proc/cpuinfo:
processor	: 0
vendor_id	: AuthenticAMD
cpu family	: 18
model		: 1
model name	: AMD A6-3670 APU with Radeon(tm) HD Graphics
stepping	: 0
microcode	: 0x3000027
cpu MHz		: 800.000
cache size	: 1024 KB
physical id	: 0
siblings	: 4
core id		: 0
cpu cores	: 4
apicid		: 0
initial apicid	: 0
fpu		: yes
fpu_exception	: yes
cpuid level	: 6
wp		: yes
flags		: fpu vme de pse tsc msr pae mce cx8 apic sep mtrr pge mca cmov pat pse36 clflush mmx fxsr sse sse2 ht syscall nx mmxext fxsr_opt pdpe1gb rdtscp lm 3dnowext 3dnow constant_tsc rep_good nopl nonstop_tsc extd_apicid aperfmperf eagerfpu pni monitor cx16 popcnt lahf_lm cmp_legacy svm extapic cr8_legacy abm sse4a misalignsse 3dnowprefetch osvw ibs skinit wdt hw_pstate vmmcall arat npt lbrv svm_lock nrip_save pausefilter
bugs		: fxsave_leak sysret_ss_attrs
bogomips	: 5392.74
TLB size	: 1536 4K pages
clflush size	: 64
cache_alignment	: 64
address sizes	: 40 bits physical, 48 bits virtual
power management: ts ttp tm stc 100mhzsteps hwpstate

processor	: 1
vendor_id	: AuthenticAMD
cpu family	: 18
model		: 1
model name	: AMD A6-3670 APU with Radeon(tm) HD Graphics
stepping	: 0
microcode	: 0x3000027
cpu MHz		: 1300.000
cache size	: 1024 KB
physical id	: 0
siblings	: 4
core id		: 1
cpu cores	: 4
apicid		: 1
initial apicid	: 1
fpu		: yes
fpu_exception	: yes
cpuid level	: 6
wp		: yes
flags		: fpu vme de pse tsc msr pae mce cx8 apic sep mtrr pge mca cmov pat pse36 clflush mmx fxsr sse sse2 ht syscall nx mmxext fxsr_opt pdpe1gb rdtscp lm 3dnowext 3dnow constant_tsc rep_good nopl nonstop_tsc extd_apicid aperfmperf eagerfpu pni monitor cx16 popcnt lahf_lm cmp_legacy svm extapic cr8_legacy abm sse4a misalignsse 3dnowprefetch osvw ibs skinit wdt hw_pstate vmmcall arat npt lbrv svm_lock nrip_save pausefilter
bugs		: fxsave_leak sysret_ss_attrs
bogomips	: 5392.67
TLB size	: 1536 4K pages
clflush size	: 64
cache_alignment	: 64
address sizes	: 40 bits physical, 48 bits virtual
power management: ts ttp tm stc 100mhzsteps hwpstate

processor	: 2
vendor_id	: AuthenticAMD
cpu family	: 18
model		: 1
model name	: AMD A6-3670 APU with Radeon(tm) HD Graphics
stepping	: 0
microcode	: 0x3000027
cpu MHz		: 1100.000
cache size	: 1024 KB
physical id	: 0
siblings	: 4
core id		: 2
cpu cores	: 4
apicid		: 2
initial apicid	: 2
fpu		: yes
fpu_exception	: yes
cpuid level	: 6
wp		: yes
flags		: fpu vme de pse tsc msr pae mce cx8 apic sep mtrr pge mca cmov pat pse36 clflush mmx fxsr sse sse2 ht syscall nx mmxext fxsr_opt pdpe1gb rdtscp lm 3dnowext 3dnow constant_tsc rep_good nopl nonstop_tsc extd_apicid aperfmperf eagerfpu pni monitor cx16 popcnt lahf_lm cmp_legacy svm extapic cr8_legacy abm sse4a misalignsse 3dnowprefetch osvw ibs skinit wdt hw_pstate vmmcall arat npt lbrv svm_lock nrip_save pausefilter
bugs		: fxsave_leak sysret_ss_attrs
bogomips	: 5392.79
TLB size	: 1536 4K pages
clflush size	: 64
cache_alignment	: 64
address sizes	: 40 bits physical, 48 bits virtual
power management: ts ttp tm stc 100mhzsteps hwpstate

processor	: 3
vendor_id	: AuthenticAMD
cpu family	: 18
model		: 1
model name	: AMD A6-3670 APU with Radeon(tm) HD Graphics
stepping	: 0
microcode	: 0x3000027
cpu MHz		: 1100.000
cache size	: 1024 KB
physical id	: 0
siblings	: 4
core id		: 3
cpu cores	: 4
apicid		: 3
initial apicid	: 3
fpu		: yes
fpu_exception	: yes
cpuid level	: 6
wp		: yes
flags		: fpu vme de pse tsc msr pae mce cx8 apic sep mtrr pge mca cmov pat pse36 clflush mmx fxsr sse sse2 ht syscall nx mmxext fxsr_opt pdpe1gb rdtscp lm 3dnowext 3dnow constant_tsc rep_good nopl nonstop_tsc extd_apicid aperfmperf eagerfpu pni monitor cx16 popcnt lahf_lm cmp_legacy svm extapic cr8_legacy abm sse4a misalignsse 3dnowprefetch osvw ibs skinit wdt hw_pstate vmmcall arat npt lbrv svm_lock nrip_save pausefilter
bugs		: fxsave_leak sysret_ss_attrs
bogomips	: 5392.73
TLB size	: 1536 4K pages
clflush size	: 64
cache_alignment	: 64
address sizes	: 40 bits physical, 48 bits virtual
power management: ts ttp tm stc 100mhzsteps hwpstate



Memory: 4k page, physical 12295572k(136496k free), swap 0k(0k free)

vm_info: OpenJDK 64-Bit Server VM (25.92-b14) for linux-amd64 JRE (1.8.0_92-b14), built on Apr 24 2016 15:02:36 by "builduser" with gcc 5.3.0

time: Tue Jul  5 17:57:05 2016
elapsed time: 19 seconds (0d 0h 0m 19s)

